<?xml version="1.0" encoding="UTF-8"?>
<!-- Generated by org.testng.reporters.JUnitXMLReporter -->
<testsuite hostname="Rini-PC" name=" HomePageTest " tests="3" failures="2" timestamp="22 Feb 2017 19:52:12 GMT" time="1.075" errors="0">
  <testcase name="headerNavi" time="0.01" classname="com.wbl.Test.HomePageTest">
    <failure type="java.lang.NullPointerException">
      <![CDATA[java.lang.NullPointerException
	at com.wbl.page.Homapage.headernavi(Homapage.java:31)
	at com.wbl.Test.HomePageTest.headerNavi(HomePageTest.java:27)
... Removed 24 stack frames]]>
    </failure>
  </testcase> <!-- headerNavi -->
  <testcase name="testSearchBox" time="0.002" classname="com.wbl.Test.HomePageTest">
    <failure type="java.lang.NullPointerException">
      <![CDATA[java.lang.NullPointerException
	at com.wbl.page.Homapage.searchBox(Homapage.java:39)
	at com.wbl.Test.HomePageTest.testSearchBox(HomePageTest.java:32)
... Removed 24 stack frames]]>
    </failure>
  </testcase> <!-- testSearchBox -->
  <testcase name="signInpage" time="1.033" classname="com.wbl.Test.HomePageTest"/>
</testsuite> <!--  HomePageTest  -->
