<?xml version="1.0" encoding="UTF-8"?>
<!-- Generated by org.testng.reporters.JUnitXMLReporter -->
<testsuite hostname="Rini-PC" name="AddingCartTest" tests="1" failures="0" timestamp="22 Feb 2017 19:52:12 GMT" time="0.02" errors="0">
  <testcase name="@BeforeClass before" time="0.0" classname="com.wbl.Test.AddingcartTest">
    <failure type="java.lang.NullPointerException">
      <![CDATA[java.lang.NullPointerException
	at com.wbl.page.Homapage.searchBox(Homapage.java:39)
	at com.wbl.Test.AddingcartTest.before(AddingcartTest.java:19)
... Removed 24 stack frames]]>
    </failure>
  </testcase> <!-- @BeforeClass before -->
  <testcase name="checkLink" time="0.002" classname="com.wbl.Test.AddingcartTest">
    <skipped/>
  </testcase> <!-- checkLink -->
</testsuite> <!-- AddingCartTest -->
